<?xml version="1.0" encoding="UTF-8" ?>
<testsuite errors="0" failures="0" hostname="david.local" name="WaveEmbedTagLibTests" tests="5" time="0.807" timestamp="2010-01-15T01:21:23">
  <properties />
  <testcase classname="WaveEmbedTagLibTests" name="testWaveHead" time="0.57" />
  <testcase classname="WaveEmbedTagLibTests" name="testWaveEmbedInvalid" time="0.032" />
  <testcase classname="WaveEmbedTagLibTests" name="testWaveEmbedGeneral" time="0.098" />
  <testcase classname="WaveEmbedTagLibTests" name="testWaveEmbedByURL" time="0.083" />
  <testcase classname="WaveEmbedTagLibTests" name="testWaveEmbedWithCustomFrame" time="0.017" />
  <system-out><![CDATA[--Output from testWaveHead--
scriptLine:
scriptLine:
				function loadWave(waveId, frameId, bgcolor, color, font, fontsize) {
	    			var wavePanel = new WavePanel("[:]");
					wavePanel.loadWave(waveId);
					wavePanel.setUIConfig(bgcolor, color, font, fontsize);
	    			wavePanel.init(document.getElementById(frameId));
	    		}
			
scriptLine:
scriptLine:
				function loadWave(waveId, frameId, bgcolor, color, font, fontsize) {
	    			var wavePanel = new WavePanel("https://wave.google.com/a/wavesandbox.com/");
					wavePanel.loadWave(waveId);
					wavePanel.setUIConfig(bgcolor, color, font, fontsize);
	    			wavePanel.init(document.getElementById(frameId));
	    		}
			
--Output from testWaveEmbedInvalid--
ERROR (WaveEmbedTagLib): missing wave id while embedding wave
--Output from testWaveEmbedGeneral--
--Output from testWaveEmbedByURL--
html:loadWave("googlewave.com!w+h4UDikrUI", "wavebox_1348633241", "null", "null", "null", "null");
matcher size: 1
--Output from testWaveEmbedWithCustomFrame--
]]></system-out>
  <system-err><![CDATA[--Output from testWaveHead--
--Output from testWaveEmbedInvalid--
--Output from testWaveEmbedGeneral--
--Output from testWaveEmbedByURL--
--Output from testWaveEmbedWithCustomFrame--
]]></system-err>
</testsuite>
