<?xml version="1.0" encoding="UTF-8" ?>
<testsuite errors="0" failures="0" hostname="david.local" name="WaveRobotBaseControllerTests" tests="3" time="0.51" timestamp="2010-01-15T01:21:39">
  <properties />
  <testcase classname="WaveRobotBaseControllerTests" name="testCapabilitiesXMLwithoutActiveRobot" time="0.0060" />
  <testcase classname="WaveRobotBaseControllerTests" name="testCapabilitiesXMLResult" time="0.105" />
  <testcase classname="WaveRobotBaseControllerTests" name="testRobotProfile" time="0.025" />
  <system-out><![CDATA[--Output from testCapabilitiesXMLwithoutActiveRobot--
--Output from testCapabilitiesXMLResult--
tem:<?xmlversion="1.0"?><w:robotxmlns:w='http://wave.google.com/extensions/robots/1.0'><w:capabilities><w:capabilityname='BLIP_SUBMITTED'/></w:capabilities><w:profilename='RobbieroBot'imageurl='http://image.url'profileurl='http://test.profile'/><w:version>1.0</w:version></w:robot>
res:<?xmlversion="1.0"?><w:robotxmlns:w='http://wave.google.com/extensions/robots/1.0'><w:capabilities><w:capabilityname='BLIP_SUBMITTED'/></w:capabilities><w:profilename='RobbieroBot'imageurl='http://image.url'profileurl='http://test.profile'/><w:version>1.0</w:version></w:robot>
--Output from testRobotProfile--
profile response: {"profileUrl":"http://test.profile","imageUrl":"http://image.url","name":"Robbie ro Bot"}
]]></system-out>
  <system-err><![CDATA[--Output from testCapabilitiesXMLwithoutActiveRobot--
--Output from testCapabilitiesXMLResult--
--Output from testRobotProfile--
]]></system-err>
</testsuite>
