<?xml version="1.0" encoding="UTF-8" ?>
<testsuite errors="0" failures="0" hostname="david.local" name="WaveServiceTests" tests="5" time="0.041" timestamp="2010-01-15T01:21:39">
  <properties />
  <testcase classname="WaveServiceTests" name="testRobotRetrievalByType" time="0.0020" />
  <testcase classname="WaveServiceTests" name="testRobotWithoutRobotImpl" time="0.0010" />
  <testcase classname="WaveServiceTests" name="testSimpleRobotRetrieval" time="0.0020" />
  <testcase classname="WaveServiceTests" name="testRobotRetrievalWithCustomBean" time="0.0060" />
  <testcase classname="WaveServiceTests" name="testRobotRetrievalWithConfiguredBean" time="0.0010" />
  <system-out><![CDATA[--Output from testRobotRetrievalByType--
--Output from testRobotWithoutRobotImpl--
--Output from testSimpleRobotRetrieval--
--Output from testRobotRetrievalWithCustomBean--
loaded robot TestRobotImplService@14eda77--Output from testRobotRetrievalWithConfiguredBean--
]]></system-out>
  <system-err><![CDATA[--Output from testRobotRetrievalByType--
--Output from testRobotWithoutRobotImpl--
--Output from testSimpleRobotRetrieval--
--Output from testRobotRetrievalWithCustomBean--
--Output from testRobotRetrievalWithConfiguredBean--
]]></system-err>
</testsuite>
