<?xml version="1.0" encoding="UTF-8" ?>
<testsuite errors="0" failures="0" hostname="david.local" name="WaveUrlMappingTests" tests="1" time="0.171" timestamp="2010-01-15T01:21:39">
  <properties />
  <testcase classname="WaveUrlMappingTests" name="testRobotUrlMappings" time="0.162" />
  <system-out><![CDATA[--Output from testRobotUrlMappings--
]]></system-out>
  <system-err><![CDATA[--Output from testRobotUrlMappings--
]]></system-err>
</testsuite>
