<?xml version="1.0" encoding="UTF-8" ?>
<testsuite errors="0" failures="0" hostname="david.local" name="WaveRobotFiltersTests" tests="1" time="0.024" timestamp="2010-01-15T01:21:24">
  <properties />
  <testcase classname="WaveRobotFiltersTests" name="testSomething" time="0.024" />
  <system-out><![CDATA[--Output from testSomething--
]]></system-out>
  <system-err><![CDATA[--Output from testSomething--
]]></system-err>
</testsuite>
