<?xml version="1.0" encoding="UTF-8" ?>
<testsuite errors="0" failures="0" hostname="david.local" name="TestRobotImplServiceTests" tests="1" time="0.539" timestamp="2009-10-26T11:28:09">
  <properties />
  <testcase classname="TestRobotImplServiceTests" name="testRobotImpl" time="0.539" />
  <system-out><![CDATA[--Output from testRobotImpl--
INFO (TestRobotImplService):  ROBOT Robbie ro Bot (v1.0): PROCESS EVENTS
INFO (TestRobotImplService):  eventsBundle - null
]]></system-out>
  <system-err><![CDATA[--Output from testRobotImpl--
]]></system-err>
</testsuite>
