<?xml version="1.0" encoding="UTF-8" ?>
<testsuite errors="0" failures="0" hostname="david.local" name="WaveEmbedTagLibTests" tests="4" time="0.981" timestamp="2009-10-26T11:28:10">
  <properties />
  <testcase classname="WaveEmbedTagLibTests" name="testWaveHead" time="0.935" />
  <testcase classname="WaveEmbedTagLibTests" name="testWaveEmbedInvalid" time="0.016" />
  <testcase classname="WaveEmbedTagLibTests" name="testWaveEmbedGeneral" time="0.013" />
  <testcase classname="WaveEmbedTagLibTests" name="testWaveEmbedWithCustomFrame" time="0.017" />
  <system-out><![CDATA[--Output from testWaveHead--
scriptLine:
scriptLine:
				function loadWave(waveId, frameId, bgcolor, color, font, fontsize) {
	    			var wavePanel = new WavePanel("[:]");
					wavePanel.loadWave(waveId);
					wavePanel.setUIConfig(bgcolor, color, font, fontsize);
	    			wavePanel.init(document.getElementById(frameId));
	    		}
			
scriptLine:
scriptLine:
				function loadWave(waveId, frameId, bgcolor, color, font, fontsize) {
	    			var wavePanel = new WavePanel("https://wave.google.com/a/wavesandbox.com/");
					wavePanel.loadWave(waveId);
					wavePanel.setUIConfig(bgcolor, color, font, fontsize);
	    			wavePanel.init(document.getElementById(frameId));
	    		}
			
--Output from testWaveEmbedInvalid--
ERROR (WaveEmbedTagLib): missing wave id while embedding wave
--Output from testWaveEmbedGeneral--
--Output from testWaveEmbedWithCustomFrame--
]]></system-out>
  <system-err><![CDATA[--Output from testWaveHead--
--Output from testWaveEmbedInvalid--
--Output from testWaveEmbedGeneral--
--Output from testWaveEmbedWithCustomFrame--
]]></system-err>
</testsuite>
